<?xml version="1.0" encoding="UTF-8"?>
<!-- Generated by org.testng.reporters.JUnitReportReporter -->
<testsuite hostname="DESKTOP-FEVO97P" failures="0" tests="3" name="stringcalc.tcalc" time="0.012" errors="0" timestamp="2021-08-27T13:02:59 IST" skipped="0">
  <testcase classname="stringcalc.tcalc" name="empty" time="0.009"/>
  <system-out/>
  <testcase classname="stringcalc.tcalc" name="singleval" time="0.002"/>
  <system-out/>
  <testcase classname="stringcalc.tcalc" name="twonum" time="0.001"/>
  <system-out/>
</testsuite> <!-- stringcalc.tcalc -->
