<?xml version="1.0" encoding="UTF-8"?>
<!-- Generated by org.testng.reporters.JUnitReportReporter -->
<testsuite hostname="DESKTOP-FEVO97P" failures="0" tests="1" name="stringcalc.tcalc" time="0.011" errors="0" timestamp="2021-08-27T12:50:09 IST" skipped="0">
  <testcase classname="stringcalc.tcalc" name="empty" time="0.011"/>
  <system-out/>
</testsuite> <!-- stringcalc.tcalc -->
