<?xml version="1.0" encoding="UTF-8"?>
<!-- Generated by org.testng.reporters.JUnitReportReporter -->
<testsuite hostname="DESKTOP-FEVO97P" failures="0" tests="10" name="stringcalc.tcalc" time="0.021" errors="0" timestamp="2021-08-27T17:14:15 IST" skipped="0">
  <testcase classname="stringcalc.tcalc" name="seplen" time="0.001"/>
  <system-out/>
  <testcase classname="stringcalc.tcalc" name="sepmul" time="0.002"/>
  <system-out/>
  <testcase classname="stringcalc.tcalc" name="negativeexception" time="0.001"/>
  <system-out/>
  <testcase classname="stringcalc.tcalc" name="ng1000" time="0.002"/>
  <system-out/>
  <testcase classname="stringcalc.tcalc" name="numtwo" time="0.002"/>
  <system-out/>
  <testcase classname="stringcalc.tcalc" name="variablesep" time="0.001"/>
  <system-out/>
  <testcase classname="stringcalc.tcalc" name="allowline" time="0.008"/>
  <system-out/>
  <testcase classname="stringcalc.tcalc" name="singleval" time="0.002"/>
  <system-out/>
  <testcase classname="stringcalc.tcalc" name="numun" time="0.001"/>
  <system-out/>
  <testcase classname="stringcalc.tcalc" name="empty" time="0.001"/>
  <system-out/>
</testsuite> <!-- stringcalc.tcalc -->
