<?xml version="1.0" encoding="UTF-8"?>
<!-- Generated by org.testng.reporters.JUnitReportReporter -->
<testsuite hostname="DESKTOP-FEVO97P" failures="0" tests="4" name="stringcalc.tcalc" time="0.011" errors="0" timestamp="2021-08-27T13:16:05 IST" skipped="0">
  <testcase classname="stringcalc.tcalc" name="unnum" time="0.001"/>
  <system-out/>
  <testcase classname="stringcalc.tcalc" name="empty" time="0.008"/>
  <system-out/>
  <testcase classname="stringcalc.tcalc" name="singleval" time="0.001"/>
  <system-out/>
  <testcase classname="stringcalc.tcalc" name="twonum" time="0.001"/>
  <system-out/>
</testsuite> <!-- stringcalc.tcalc -->
