<?xml version="1.0" encoding="UTF-8"?>
<!-- Generated by org.testng.reporters.JUnitReportReporter -->
<testsuite hostname="DESKTOP-FEVO97P" failures="0" tests="2" name="stringcalc.tcalc" time="0.010" errors="0" timestamp="2021-08-27T12:56:22 IST" skipped="0">
  <testcase classname="stringcalc.tcalc" name="empty" time="0.008"/>
  <system-out/>
  <testcase classname="stringcalc.tcalc" name="singleval" time="0.002"/>
  <system-out/>
</testsuite> <!-- stringcalc.tcalc -->
