<?xml version="1.0" encoding="UTF-8"?>
<!-- Generated by org.testng.reporters.JUnitReportReporter -->
<testsuite hostname="DESKTOP-FEVO97P" failures="0" tests="6" name="stringcalc.tcalc" time="0.010" errors="0" timestamp="2021-08-27T13:37:55 IST" skipped="0">
  <testcase classname="stringcalc.tcalc" name="twonum" time="0.001"/>
  <system-out/>
  <testcase classname="stringcalc.tcalc" name="singleval" time="0.001"/>
  <system-out/>
  <testcase classname="stringcalc.tcalc" name="unnum" time="0.001"/>
  <system-out/>
  <testcase classname="stringcalc.tcalc" name="variablesep" time="0.000"/>
  <system-out/>
  <testcase classname="stringcalc.tcalc" name="allowline" time="0.006"/>
  <system-out/>
  <testcase classname="stringcalc.tcalc" name="empty" time="0.001"/>
  <system-out/>
</testsuite> <!-- stringcalc.tcalc -->
