<?xml version="1.0" encoding="UTF-8"?>
<!-- Generated by org.testng.reporters.JUnitReportReporter -->
<testsuite hostname="DESKTOP-FEVO97P" failures="0" tests="7" name="stringcalc.tcalc" time="0.015" errors="0" timestamp="2021-08-27T14:27:00 IST" skipped="0">
  <testcase classname="stringcalc.tcalc" name="singleval" time="0.001"/>
  <system-out/>
  <testcase classname="stringcalc.tcalc" name="unnum" time="0.001"/>
  <system-out/>
  <testcase classname="stringcalc.tcalc" name="negativeexception" time="0.002"/>
  <system-out/>
  <testcase classname="stringcalc.tcalc" name="empty" time="0.001"/>
  <system-out/>
  <testcase classname="stringcalc.tcalc" name="variablesep" time="0.001"/>
  <system-out/>
  <testcase classname="stringcalc.tcalc" name="allowline" time="0.008"/>
  <system-out/>
  <testcase classname="stringcalc.tcalc" name="twonum" time="0.001"/>
  <system-out/>
</testsuite> <!-- stringcalc.tcalc -->
